[08/18/2022 10:38:55] Debug: Session id: e2fe3400-9106-41d4-8d40-de0c6112e260
[08/18/2022 10:38:55] Debug: Code Processor information: Name :SnowConvert, Version: 7.11.81.0
[08/18/2022 10:38:56] Debug: Getting license
[08/18/2022 10:38:56] Debug: License information
	Status: Failed
	Message: No active license available.
[08/18/2022 10:38:56] Info: Starting to validate parameters
[08/18/2022 10:38:56] Info: Parameters to validate: 
	Execution mode: Conversion
	LICENSE_KEY: a3372138-b87e-4a08-b929-3b48b24c63f1
[08/18/2022 10:38:56] Info: Validation of parameters: Success
[08/18/2022 10:38:56] Debug: Getting code descriptor
[08/18/2022 10:38:56] Debug: Code descriptor information
	Units: 51
	Units type: LOC
	All file bytes: 2141
	All found extensions: .sql,.dml,.ddl,.bteq,.btq,.fl,.fload,.ml,.mload,.mld,.tp,.tpump,.tpt
[08/18/2022 10:38:56] Debug: Calculating fingerprint
[08/18/2022 10:38:56] Debug: Fingerprint information Fingerprint(size=2141,projects=1)
[08/18/2022 10:38:56] Info: Starting to try to validate online license for execution
[08/18/2022 10:38:57] Debug: Getting license
[08/18/2022 10:38:57] Debug: License information
	Status: Failed
	Message: No active license available.
[08/18/2022 10:38:57] Debug: Starting the execution of the controller
[08/18/2022 10:38:58] Debug: Executing the worker: SnowConvert
[08/18/2022 10:39:10] Debug: Finished executing the worker: SnowConvert
[08/18/2022 10:39:12] Info: Controller execution ended
